<?xml version="1.0" encoding="UTF-8"?>
<testsuite xmlns:xsi="http://www.w3.org/2001/XMLSchema-instance" xsi:noNamespaceSchemaLocation="https://maven.apache.org/surefire/maven-surefire-plugin/xsd/surefire-test-report.xsd" name="com.example.books.BooksApplicationTests" time="4.691" tests="1" errors="0" skipped="0" failures="0">
  <properties>
    <property name="sun.desktop" value="gnome"/>
    <property name="awt.toolkit" value="sun.awt.X11.XToolkit"/>
    <property name="java.specification.version" value="11"/>
    <property name="sun.cpu.isalist" value=""/>
    <property name="sun.jnu.encoding" value="UTF-8"/>
    <property name="java.class.path" value="/home/anu/Book-Characters/target/test-classes:/home/anu/Book-Characters/target/classes:/home/anu/.m2/repository/org/springframework/boot/spring-boot-starter-web/2.1.11.RELEASE/spring-boot-starter-web-2.1.11.RELEASE.jar:/home/anu/.m2/repository/org/springframework/boot/spring-boot-starter/2.1.11.RELEASE/spring-boot-starter-2.1.11.RELEASE.jar:/home/anu/.m2/repository/org/springframework/boot/spring-boot/2.1.11.RELEASE/spring-boot-2.1.11.RELEASE.jar:/home/anu/.m2/repository/org/springframework/boot/spring-boot-autoconfigure/2.1.11.RELEASE/spring-boot-autoconfigure-2.1.11.RELEASE.jar:/home/anu/.m2/repository/org/springframework/boot/spring-boot-starter-logging/2.1.11.RELEASE/spring-boot-starter-logging-2.1.11.RELEASE.jar:/home/anu/.m2/repository/ch/qos/logback/logback-classic/1.2.3/logback-classic-1.2.3.jar:/home/anu/.m2/repository/ch/qos/logback/logback-core/1.2.3/logback-core-1.2.3.jar:/home/anu/.m2/repository/org/apache/logging/log4j/log4j-to-slf4j/2.11.2/log4j-to-slf4j-2.11.2.jar:/home/anu/.m2/repository/org/apache/logging/log4j/log4j-api/2.11.2/log4j-api-2.11.2.jar:/home/anu/.m2/repository/org/slf4j/jul-to-slf4j/1.7.29/jul-to-slf4j-1.7.29.jar:/home/anu/.m2/repository/javax/annotation/javax.annotation-api/1.3.2/javax.annotation-api-1.3.2.jar:/home/anu/.m2/repository/org/yaml/snakeyaml/1.23/snakeyaml-1.23.jar:/home/anu/.m2/repository/org/springframework/boot/spring-boot-starter-json/2.1.11.RELEASE/spring-boot-starter-json-2.1.11.RELEASE.jar:/home/anu/.m2/repository/com/fasterxml/jackson/core/jackson-databind/2.9.10.1/jackson-databind-2.9.10.1.jar:/home/anu/.m2/repository/com/fasterxml/jackson/core/jackson-annotations/2.9.10/jackson-annotations-2.9.10.jar:/home/anu/.m2/repository/com/fasterxml/jackson/core/jackson-core/2.9.10/jackson-core-2.9.10.jar:/home/anu/.m2/repository/com/fasterxml/jackson/datatype/jackson-datatype-jdk8/2.9.10/jackson-datatype-jdk8-2.9.10.jar:/home/anu/.m2/repository/com/fasterxml/jackson/datatype/jackson-datatype-jsr310/2.9.10/jackson-datatype-jsr310-2.9.10.jar:/home/anu/.m2/repository/com/fasterxml/jackson/module/jackson-module-parameter-names/2.9.10/jackson-module-parameter-names-2.9.10.jar:/home/anu/.m2/repository/org/hibernate/validator/hibernate-validator/6.0.18.Final/hibernate-validator-6.0.18.Final.jar:/home/anu/.m2/repository/com/fasterxml/classmate/1.4.0/classmate-1.4.0.jar:/home/anu/.m2/repository/org/springframework/spring-web/5.1.12.RELEASE/spring-web-5.1.12.RELEASE.jar:/home/anu/.m2/repository/org/springframework/spring-beans/5.1.12.RELEASE/spring-beans-5.1.12.RELEASE.jar:/home/anu/.m2/repository/org/springframework/spring-webmvc/5.1.12.RELEASE/spring-webmvc-5.1.12.RELEASE.jar:/home/anu/.m2/repository/org/springframework/spring-aop/5.1.12.RELEASE/spring-aop-5.1.12.RELEASE.jar:/home/anu/.m2/repository/org/springframework/spring-context/5.1.12.RELEASE/spring-context-5.1.12.RELEASE.jar:/home/anu/.m2/repository/org/springframework/spring-expression/5.1.12.RELEASE/spring-expression-5.1.12.RELEASE.jar:/home/anu/.m2/repository/org/springframework/boot/spring-boot-starter-jetty/2.1.11.RELEASE/spring-boot-starter-jetty-2.1.11.RELEASE.jar:/home/anu/.m2/repository/org/eclipse/jetty/jetty-servlets/9.4.24.v20191120/jetty-servlets-9.4.24.v20191120.jar:/home/anu/.m2/repository/org/eclipse/jetty/jetty-continuation/9.4.24.v20191120/jetty-continuation-9.4.24.v20191120.jar:/home/anu/.m2/repository/org/eclipse/jetty/jetty-http/9.4.24.v20191120/jetty-http-9.4.24.v20191120.jar:/home/anu/.m2/repository/org/eclipse/jetty/jetty-util/9.4.24.v20191120/jetty-util-9.4.24.v20191120.jar:/home/anu/.m2/repository/org/eclipse/jetty/jetty-io/9.4.24.v20191120/jetty-io-9.4.24.v20191120.jar:/home/anu/.m2/repository/org/eclipse/jetty/jetty-webapp/9.4.24.v20191120/jetty-webapp-9.4.24.v20191120.jar:/home/anu/.m2/repository/org/eclipse/jetty/jetty-xml/9.4.24.v20191120/jetty-xml-9.4.24.v20191120.jar:/home/anu/.m2/repository/org/eclipse/jetty/jetty-servlet/9.4.24.v20191120/jetty-servlet-9.4.24.v20191120.jar:/home/anu/.m2/repository/org/eclipse/jetty/jetty-security/9.4.24.v20191120/jetty-security-9.4.24.v20191120.jar:/home/anu/.m2/repository/org/eclipse/jetty/jetty-server/9.4.24.v20191120/jetty-server-9.4.24.v20191120.jar:/home/anu/.m2/repository/org/eclipse/jetty/websocket/websocket-server/9.4.24.v20191120/websocket-server-9.4.24.v20191120.jar:/home/anu/.m2/repository/org/eclipse/jetty/websocket/websocket-common/9.4.24.v20191120/websocket-common-9.4.24.v20191120.jar:/home/anu/.m2/repository/org/eclipse/jetty/websocket/websocket-api/9.4.24.v20191120/websocket-api-9.4.24.v20191120.jar:/home/anu/.m2/repository/org/eclipse/jetty/websocket/websocket-client/9.4.24.v20191120/websocket-client-9.4.24.v20191120.jar:/home/anu/.m2/repository/org/eclipse/jetty/jetty-client/9.4.24.v20191120/jetty-client-9.4.24.v20191120.jar:/home/anu/.m2/repository/org/eclipse/jetty/websocket/websocket-servlet/9.4.24.v20191120/websocket-servlet-9.4.24.v20191120.jar:/home/anu/.m2/repository/javax/servlet/javax.servlet-api/4.0.1/javax.servlet-api-4.0.1.jar:/home/anu/.m2/repository/org/eclipse/jetty/websocket/javax-websocket-server-impl/9.4.24.v20191120/javax-websocket-server-impl-9.4.24.v20191120.jar:/home/anu/.m2/repository/org/eclipse/jetty/jetty-annotations/9.4.24.v20191120/jetty-annotations-9.4.24.v20191120.jar:/home/anu/.m2/repository/org/eclipse/jetty/jetty-plus/9.4.24.v20191120/jetty-plus-9.4.24.v20191120.jar:/home/anu/.m2/repository/org/ow2/asm/asm/7.2/asm-7.2.jar:/home/anu/.m2/repository/org/ow2/asm/asm-commons/7.2/asm-commons-7.2.jar:/home/anu/.m2/repository/org/ow2/asm/asm-tree/7.2/asm-tree-7.2.jar:/home/anu/.m2/repository/org/ow2/asm/asm-analysis/7.2/asm-analysis-7.2.jar:/home/anu/.m2/repository/org/eclipse/jetty/websocket/javax-websocket-client-impl/9.4.24.v20191120/javax-websocket-client-impl-9.4.24.v20191120.jar:/home/anu/.m2/repository/javax/websocket/javax.websocket-api/1.1/javax.websocket-api-1.1.jar:/home/anu/.m2/repository/org/mortbay/jasper/apache-el/8.5.49/apache-el-8.5.49.jar:/home/anu/.m2/repository/org/springframework/boot/spring-boot-starter-data-jpa/2.1.11.RELEASE/spring-boot-starter-data-jpa-2.1.11.RELEASE.jar:/home/anu/.m2/repository/org/springframework/boot/spring-boot-starter-aop/2.1.11.RELEASE/spring-boot-starter-aop-2.1.11.RELEASE.jar:/home/anu/.m2/repository/org/aspectj/aspectjweaver/1.9.5/aspectjweaver-1.9.5.jar:/home/anu/.m2/repository/org/springframework/boot/spring-boot-starter-jdbc/2.1.11.RELEASE/spring-boot-starter-jdbc-2.1.11.RELEASE.jar:/home/anu/.m2/repository/com/zaxxer/HikariCP/3.2.0/HikariCP-3.2.0.jar:/home/anu/.m2/repository/org/springframework/spring-jdbc/5.1.12.RELEASE/spring-jdbc-5.1.12.RELEASE.jar:/home/anu/.m2/repository/javax/transaction/javax.transaction-api/1.3/javax.transaction-api-1.3.jar:/home/anu/.m2/repository/org/hibernate/hibernate-core/5.3.14.Final/hibernate-core-5.3.14.Final.jar:/home/anu/.m2/repository/javax/persistence/javax.persistence-api/2.2/javax.persistence-api-2.2.jar:/home/anu/.m2/repository/org/javassist/javassist/3.23.2-GA/javassist-3.23.2-GA.jar:/home/anu/.m2/repository/net/bytebuddy/byte-buddy/1.9.16/byte-buddy-1.9.16.jar:/home/anu/.m2/repository/antlr/antlr/2.7.7/antlr-2.7.7.jar:/home/anu/.m2/repository/org/jboss/jandex/2.0.5.Final/jandex-2.0.5.Final.jar:/home/anu/.m2/repository/javax/activation/javax.activation-api/1.2.0/javax.activation-api-1.2.0.jar:/home/anu/.m2/repository/org/dom4j/dom4j/2.1.1/dom4j-2.1.1.jar:/home/anu/.m2/repository/org/hibernate/common/hibernate-commons-annotations/5.0.4.Final/hibernate-commons-annotations-5.0.4.Final.jar:/home/anu/.m2/repository/org/springframework/data/spring-data-jpa/2.1.14.RELEASE/spring-data-jpa-2.1.14.RELEASE.jar:/home/anu/.m2/repository/org/springframework/data/spring-data-commons/2.1.14.RELEASE/spring-data-commons-2.1.14.RELEASE.jar:/home/anu/.m2/repository/org/springframework/spring-orm/5.1.12.RELEASE/spring-orm-5.1.12.RELEASE.jar:/home/anu/.m2/repository/org/springframework/spring-tx/5.1.12.RELEASE/spring-tx-5.1.12.RELEASE.jar:/home/anu/.m2/repository/org/slf4j/slf4j-api/1.7.29/slf4j-api-1.7.29.jar:/home/anu/.m2/repository/org/springframework/spring-aspects/5.1.12.RELEASE/spring-aspects-5.1.12.RELEASE.jar:/home/anu/.m2/repository/mysql/mysql-connector-java/8.0.18/mysql-connector-java-8.0.18.jar:/home/anu/.m2/repository/org/springframework/boot/spring-boot-starter-test/2.1.11.RELEASE/spring-boot-starter-test-2.1.11.RELEASE.jar:/home/anu/.m2/repository/org/springframework/boot/spring-boot-test/2.1.11.RELEASE/spring-boot-test-2.1.11.RELEASE.jar:/home/anu/.m2/repository/org/springframework/boot/spring-boot-test-autoconfigure/2.1.11.RELEASE/spring-boot-test-autoconfigure-2.1.11.RELEASE.jar:/home/anu/.m2/repository/com/jayway/jsonpath/json-path/2.4.0/json-path-2.4.0.jar:/home/anu/.m2/repository/net/minidev/json-smart/2.3/json-smart-2.3.jar:/home/anu/.m2/repository/net/minidev/accessors-smart/1.2/accessors-smart-1.2.jar:/home/anu/.m2/repository/junit/junit/4.12/junit-4.12.jar:/home/anu/.m2/repository/org/assertj/assertj-core/3.11.1/assertj-core-3.11.1.jar:/home/anu/.m2/repository/org/mockito/mockito-core/2.23.4/mockito-core-2.23.4.jar:/home/anu/.m2/repository/net/bytebuddy/byte-buddy-agent/1.9.16/byte-buddy-agent-1.9.16.jar:/home/anu/.m2/repository/org/objenesis/objenesis/2.6/objenesis-2.6.jar:/home/anu/.m2/repository/org/hamcrest/hamcrest-core/1.3/hamcrest-core-1.3.jar:/home/anu/.m2/repository/org/hamcrest/hamcrest-library/1.3/hamcrest-library-1.3.jar:/home/anu/.m2/repository/org/skyscreamer/jsonassert/1.5.0/jsonassert-1.5.0.jar:/home/anu/.m2/repository/com/vaadin/external/google/android-json/0.0.20131108.vaadin1/android-json-0.0.20131108.vaadin1.jar:/home/anu/.m2/repository/org/springframework/spring-core/5.1.12.RELEASE/spring-core-5.1.12.RELEASE.jar:/home/anu/.m2/repository/org/springframework/spring-jcl/5.1.12.RELEASE/spring-jcl-5.1.12.RELEASE.jar:/home/anu/.m2/repository/org/springframework/spring-test/5.1.12.RELEASE/spring-test-5.1.12.RELEASE.jar:/home/anu/.m2/repository/org/xmlunit/xmlunit-core/2.6.3/xmlunit-core-2.6.3.jar:/home/anu/.m2/repository/jakarta/xml/bind/jakarta.xml.bind-api/2.3.2/jakarta.xml.bind-api-2.3.2.jar:/home/anu/.m2/repository/jakarta/activation/jakarta.activation-api/1.2.1/jakarta.activation-api-1.2.1.jar:/home/anu/.m2/repository/org/glassfish/jaxb/jaxb-runtime/2.3.2/jaxb-runtime-2.3.2.jar:/home/anu/.m2/repository/org/glassfish/jaxb/txw2/2.3.1/txw2-2.3.1.jar:/home/anu/.m2/repository/com/sun/istack/istack-commons-runtime/3.0.8/istack-commons-runtime-3.0.8.jar:/home/anu/.m2/repository/org/jvnet/staxex/stax-ex/1.8.1/stax-ex-1.8.1.jar:/home/anu/.m2/repository/com/sun/xml/fastinfoset/FastInfoset/1.2.16/FastInfoset-1.2.16.jar:/home/anu/.m2/repository/org/eclipse/persistence/org.eclipse.persistence.moxy/2.7.3/org.eclipse.persistence.moxy-2.7.3.jar:/home/anu/.m2/repository/org/eclipse/persistence/org.eclipse.persistence.core/2.7.3/org.eclipse.persistence.core-2.7.3.jar:/home/anu/.m2/repository/org/eclipse/persistence/org.eclipse.persistence.asm/2.7.3/org.eclipse.persistence.asm-2.7.3.jar:/home/anu/.m2/repository/javax/validation/validation-api/2.0.1.Final/validation-api-2.0.1.Final.jar:/home/anu/.m2/repository/javax/json/javax.json-api/1.1.4/javax.json-api-1.1.4.jar:/home/anu/.m2/repository/javax/xml/bind/jaxb-api/2.3.0/jaxb-api-2.3.0.jar:/home/anu/.m2/repository/com/sun/xml/bind/jaxb-impl/2.3.0/jaxb-impl-2.3.0.jar:/home/anu/.m2/repository/javax/activation/activation/1.1.1/activation-1.1.1.jar:/home/anu/.m2/repository/org/eclipse/persistence/eclipselink/2.7.0/eclipselink-2.7.0.jar:/home/anu/.m2/repository/org/eclipse/persistence/javax.persistence/2.2.0/javax.persistence-2.2.0.jar:/home/anu/.m2/repository/org/eclipse/persistence/commonj.sdo/2.1.1/commonj.sdo-2.1.1.jar:/home/anu/.m2/repository/org/glassfish/javax.json/1.0.4/javax.json-1.0.4.jar:/home/anu/.m2/repository/com/sun/xml/bind/jaxb-core/2.3.0.1/jaxb-core-2.3.0.1.jar:/home/anu/.m2/repository/org/hibernate/hibernate-c3p0/5.3.6.Final/hibernate-c3p0-5.3.6.Final.jar:/home/anu/.m2/repository/org/jboss/logging/jboss-logging/3.3.3.Final/jboss-logging-3.3.3.Final.jar:/home/anu/.m2/repository/com/mchange/c3p0/0.9.5.2/c3p0-0.9.5.2.jar:/home/anu/.m2/repository/com/mchange/mchange-commons-java/0.2.11/mchange-commons-java-0.2.11.jar:"/>
    <property name="java.vm.vendor" value="Ubuntu"/>
    <property name="sun.arch.data.model" value="64"/>
    <property name="java.vendor.url" value="https://ubuntu.com/"/>
    <property name="user.timezone" value=""/>
    <property name="java.vm.specification.version" value="11"/>
    <property name="os.name" value="Linux"/>
    <property name="sun.java.launcher" value="SUN_STANDARD"/>
    <property name="user.country" value="IN"/>
    <property name="sun.boot.library.path" value="/usr/lib/jvm/java-11-openjdk-amd64/lib"/>
    <property name="sun.java.command" value="/home/anu/Book-Characters/target/surefire/surefirebooter13773889989882631063.jar /home/anu/Book-Characters/target/surefire 2020-05-30T10-19-55_942-jvmRun1 surefire13173156958566485751tmp surefire_017162044816675333277tmp"/>
    <property name="jdk.debug" value="release"/>
    <property name="surefire.test.class.path" value="/home/anu/Book-Characters/target/test-classes:/home/anu/Book-Characters/target/classes:/home/anu/.m2/repository/org/springframework/boot/spring-boot-starter-web/2.1.11.RELEASE/spring-boot-starter-web-2.1.11.RELEASE.jar:/home/anu/.m2/repository/org/springframework/boot/spring-boot-starter/2.1.11.RELEASE/spring-boot-starter-2.1.11.RELEASE.jar:/home/anu/.m2/repository/org/springframework/boot/spring-boot/2.1.11.RELEASE/spring-boot-2.1.11.RELEASE.jar:/home/anu/.m2/repository/org/springframework/boot/spring-boot-autoconfigure/2.1.11.RELEASE/spring-boot-autoconfigure-2.1.11.RELEASE.jar:/home/anu/.m2/repository/org/springframework/boot/spring-boot-starter-logging/2.1.11.RELEASE/spring-boot-starter-logging-2.1.11.RELEASE.jar:/home/anu/.m2/repository/ch/qos/logback/logback-classic/1.2.3/logback-classic-1.2.3.jar:/home/anu/.m2/repository/ch/qos/logback/logback-core/1.2.3/logback-core-1.2.3.jar:/home/anu/.m2/repository/org/apache/logging/log4j/log4j-to-slf4j/2.11.2/log4j-to-slf4j-2.11.2.jar:/home/anu/.m2/repository/org/apache/logging/log4j/log4j-api/2.11.2/log4j-api-2.11.2.jar:/home/anu/.m2/repository/org/slf4j/jul-to-slf4j/1.7.29/jul-to-slf4j-1.7.29.jar:/home/anu/.m2/repository/javax/annotation/javax.annotation-api/1.3.2/javax.annotation-api-1.3.2.jar:/home/anu/.m2/repository/org/yaml/snakeyaml/1.23/snakeyaml-1.23.jar:/home/anu/.m2/repository/org/springframework/boot/spring-boot-starter-json/2.1.11.RELEASE/spring-boot-starter-json-2.1.11.RELEASE.jar:/home/anu/.m2/repository/com/fasterxml/jackson/core/jackson-databind/2.9.10.1/jackson-databind-2.9.10.1.jar:/home/anu/.m2/repository/com/fasterxml/jackson/core/jackson-annotations/2.9.10/jackson-annotations-2.9.10.jar:/home/anu/.m2/repository/com/fasterxml/jackson/core/jackson-core/2.9.10/jackson-core-2.9.10.jar:/home/anu/.m2/repository/com/fasterxml/jackson/datatype/jackson-datatype-jdk8/2.9.10/jackson-datatype-jdk8-2.9.10.jar:/home/anu/.m2/repository/com/fasterxml/jackson/datatype/jackson-datatype-jsr310/2.9.10/jackson-datatype-jsr310-2.9.10.jar:/home/anu/.m2/repository/com/fasterxml/jackson/module/jackson-module-parameter-names/2.9.10/jackson-module-parameter-names-2.9.10.jar:/home/anu/.m2/repository/org/hibernate/validator/hibernate-validator/6.0.18.Final/hibernate-validator-6.0.18.Final.jar:/home/anu/.m2/repository/com/fasterxml/classmate/1.4.0/classmate-1.4.0.jar:/home/anu/.m2/repository/org/springframework/spring-web/5.1.12.RELEASE/spring-web-5.1.12.RELEASE.jar:/home/anu/.m2/repository/org/springframework/spring-beans/5.1.12.RELEASE/spring-beans-5.1.12.RELEASE.jar:/home/anu/.m2/repository/org/springframework/spring-webmvc/5.1.12.RELEASE/spring-webmvc-5.1.12.RELEASE.jar:/home/anu/.m2/repository/org/springframework/spring-aop/5.1.12.RELEASE/spring-aop-5.1.12.RELEASE.jar:/home/anu/.m2/repository/org/springframework/spring-context/5.1.12.RELEASE/spring-context-5.1.12.RELEASE.jar:/home/anu/.m2/repository/org/springframework/spring-expression/5.1.12.RELEASE/spring-expression-5.1.12.RELEASE.jar:/home/anu/.m2/repository/org/springframework/boot/spring-boot-starter-jetty/2.1.11.RELEASE/spring-boot-starter-jetty-2.1.11.RELEASE.jar:/home/anu/.m2/repository/org/eclipse/jetty/jetty-servlets/9.4.24.v20191120/jetty-servlets-9.4.24.v20191120.jar:/home/anu/.m2/repository/org/eclipse/jetty/jetty-continuation/9.4.24.v20191120/jetty-continuation-9.4.24.v20191120.jar:/home/anu/.m2/repository/org/eclipse/jetty/jetty-http/9.4.24.v20191120/jetty-http-9.4.24.v20191120.jar:/home/anu/.m2/repository/org/eclipse/jetty/jetty-util/9.4.24.v20191120/jetty-util-9.4.24.v20191120.jar:/home/anu/.m2/repository/org/eclipse/jetty/jetty-io/9.4.24.v20191120/jetty-io-9.4.24.v20191120.jar:/home/anu/.m2/repository/org/eclipse/jetty/jetty-webapp/9.4.24.v20191120/jetty-webapp-9.4.24.v20191120.jar:/home/anu/.m2/repository/org/eclipse/jetty/jetty-xml/9.4.24.v20191120/jetty-xml-9.4.24.v20191120.jar:/home/anu/.m2/repository/org/eclipse/jetty/jetty-servlet/9.4.24.v20191120/jetty-servlet-9.4.24.v20191120.jar:/home/anu/.m2/repository/org/eclipse/jetty/jetty-security/9.4.24.v20191120/jetty-security-9.4.24.v20191120.jar:/home/anu/.m2/repository/org/eclipse/jetty/jetty-server/9.4.24.v20191120/jetty-server-9.4.24.v20191120.jar:/home/anu/.m2/repository/org/eclipse/jetty/websocket/websocket-server/9.4.24.v20191120/websocket-server-9.4.24.v20191120.jar:/home/anu/.m2/repository/org/eclipse/jetty/websocket/websocket-common/9.4.24.v20191120/websocket-common-9.4.24.v20191120.jar:/home/anu/.m2/repository/org/eclipse/jetty/websocket/websocket-api/9.4.24.v20191120/websocket-api-9.4.24.v20191120.jar:/home/anu/.m2/repository/org/eclipse/jetty/websocket/websocket-client/9.4.24.v20191120/websocket-client-9.4.24.v20191120.jar:/home/anu/.m2/repository/org/eclipse/jetty/jetty-client/9.4.24.v20191120/jetty-client-9.4.24.v20191120.jar:/home/anu/.m2/repository/org/eclipse/jetty/websocket/websocket-servlet/9.4.24.v20191120/websocket-servlet-9.4.24.v20191120.jar:/home/anu/.m2/repository/javax/servlet/javax.servlet-api/4.0.1/javax.servlet-api-4.0.1.jar:/home/anu/.m2/repository/org/eclipse/jetty/websocket/javax-websocket-server-impl/9.4.24.v20191120/javax-websocket-server-impl-9.4.24.v20191120.jar:/home/anu/.m2/repository/org/eclipse/jetty/jetty-annotations/9.4.24.v20191120/jetty-annotations-9.4.24.v20191120.jar:/home/anu/.m2/repository/org/eclipse/jetty/jetty-plus/9.4.24.v20191120/jetty-plus-9.4.24.v20191120.jar:/home/anu/.m2/repository/org/ow2/asm/asm/7.2/asm-7.2.jar:/home/anu/.m2/repository/org/ow2/asm/asm-commons/7.2/asm-commons-7.2.jar:/home/anu/.m2/repository/org/ow2/asm/asm-tree/7.2/asm-tree-7.2.jar:/home/anu/.m2/repository/org/ow2/asm/asm-analysis/7.2/asm-analysis-7.2.jar:/home/anu/.m2/repository/org/eclipse/jetty/websocket/javax-websocket-client-impl/9.4.24.v20191120/javax-websocket-client-impl-9.4.24.v20191120.jar:/home/anu/.m2/repository/javax/websocket/javax.websocket-api/1.1/javax.websocket-api-1.1.jar:/home/anu/.m2/repository/org/mortbay/jasper/apache-el/8.5.49/apache-el-8.5.49.jar:/home/anu/.m2/repository/org/springframework/boot/spring-boot-starter-data-jpa/2.1.11.RELEASE/spring-boot-starter-data-jpa-2.1.11.RELEASE.jar:/home/anu/.m2/repository/org/springframework/boot/spring-boot-starter-aop/2.1.11.RELEASE/spring-boot-starter-aop-2.1.11.RELEASE.jar:/home/anu/.m2/repository/org/aspectj/aspectjweaver/1.9.5/aspectjweaver-1.9.5.jar:/home/anu/.m2/repository/org/springframework/boot/spring-boot-starter-jdbc/2.1.11.RELEASE/spring-boot-starter-jdbc-2.1.11.RELEASE.jar:/home/anu/.m2/repository/com/zaxxer/HikariCP/3.2.0/HikariCP-3.2.0.jar:/home/anu/.m2/repository/org/springframework/spring-jdbc/5.1.12.RELEASE/spring-jdbc-5.1.12.RELEASE.jar:/home/anu/.m2/repository/javax/transaction/javax.transaction-api/1.3/javax.transaction-api-1.3.jar:/home/anu/.m2/repository/org/hibernate/hibernate-core/5.3.14.Final/hibernate-core-5.3.14.Final.jar:/home/anu/.m2/repository/javax/persistence/javax.persistence-api/2.2/javax.persistence-api-2.2.jar:/home/anu/.m2/repository/org/javassist/javassist/3.23.2-GA/javassist-3.23.2-GA.jar:/home/anu/.m2/repository/net/bytebuddy/byte-buddy/1.9.16/byte-buddy-1.9.16.jar:/home/anu/.m2/repository/antlr/antlr/2.7.7/antlr-2.7.7.jar:/home/anu/.m2/repository/org/jboss/jandex/2.0.5.Final/jandex-2.0.5.Final.jar:/home/anu/.m2/repository/javax/activation/javax.activation-api/1.2.0/javax.activation-api-1.2.0.jar:/home/anu/.m2/repository/org/dom4j/dom4j/2.1.1/dom4j-2.1.1.jar:/home/anu/.m2/repository/org/hibernate/common/hibernate-commons-annotations/5.0.4.Final/hibernate-commons-annotations-5.0.4.Final.jar:/home/anu/.m2/repository/org/springframework/data/spring-data-jpa/2.1.14.RELEASE/spring-data-jpa-2.1.14.RELEASE.jar:/home/anu/.m2/repository/org/springframework/data/spring-data-commons/2.1.14.RELEASE/spring-data-commons-2.1.14.RELEASE.jar:/home/anu/.m2/repository/org/springframework/spring-orm/5.1.12.RELEASE/spring-orm-5.1.12.RELEASE.jar:/home/anu/.m2/repository/org/springframework/spring-tx/5.1.12.RELEASE/spring-tx-5.1.12.RELEASE.jar:/home/anu/.m2/repository/org/slf4j/slf4j-api/1.7.29/slf4j-api-1.7.29.jar:/home/anu/.m2/repository/org/springframework/spring-aspects/5.1.12.RELEASE/spring-aspects-5.1.12.RELEASE.jar:/home/anu/.m2/repository/mysql/mysql-connector-java/8.0.18/mysql-connector-java-8.0.18.jar:/home/anu/.m2/repository/org/springframework/boot/spring-boot-starter-test/2.1.11.RELEASE/spring-boot-starter-test-2.1.11.RELEASE.jar:/home/anu/.m2/repository/org/springframework/boot/spring-boot-test/2.1.11.RELEASE/spring-boot-test-2.1.11.RELEASE.jar:/home/anu/.m2/repository/org/springframework/boot/spring-boot-test-autoconfigure/2.1.11.RELEASE/spring-boot-test-autoconfigure-2.1.11.RELEASE.jar:/home/anu/.m2/repository/com/jayway/jsonpath/json-path/2.4.0/json-path-2.4.0.jar:/home/anu/.m2/repository/net/minidev/json-smart/2.3/json-smart-2.3.jar:/home/anu/.m2/repository/net/minidev/accessors-smart/1.2/accessors-smart-1.2.jar:/home/anu/.m2/repository/junit/junit/4.12/junit-4.12.jar:/home/anu/.m2/repository/org/assertj/assertj-core/3.11.1/assertj-core-3.11.1.jar:/home/anu/.m2/repository/org/mockito/mockito-core/2.23.4/mockito-core-2.23.4.jar:/home/anu/.m2/repository/net/bytebuddy/byte-buddy-agent/1.9.16/byte-buddy-agent-1.9.16.jar:/home/anu/.m2/repository/org/objenesis/objenesis/2.6/objenesis-2.6.jar:/home/anu/.m2/repository/org/hamcrest/hamcrest-core/1.3/hamcrest-core-1.3.jar:/home/anu/.m2/repository/org/hamcrest/hamcrest-library/1.3/hamcrest-library-1.3.jar:/home/anu/.m2/repository/org/skyscreamer/jsonassert/1.5.0/jsonassert-1.5.0.jar:/home/anu/.m2/repository/com/vaadin/external/google/android-json/0.0.20131108.vaadin1/android-json-0.0.20131108.vaadin1.jar:/home/anu/.m2/repository/org/springframework/spring-core/5.1.12.RELEASE/spring-core-5.1.12.RELEASE.jar:/home/anu/.m2/repository/org/springframework/spring-jcl/5.1.12.RELEASE/spring-jcl-5.1.12.RELEASE.jar:/home/anu/.m2/repository/org/springframework/spring-test/5.1.12.RELEASE/spring-test-5.1.12.RELEASE.jar:/home/anu/.m2/repository/org/xmlunit/xmlunit-core/2.6.3/xmlunit-core-2.6.3.jar:/home/anu/.m2/repository/jakarta/xml/bind/jakarta.xml.bind-api/2.3.2/jakarta.xml.bind-api-2.3.2.jar:/home/anu/.m2/repository/jakarta/activation/jakarta.activation-api/1.2.1/jakarta.activation-api-1.2.1.jar:/home/anu/.m2/repository/org/glassfish/jaxb/jaxb-runtime/2.3.2/jaxb-runtime-2.3.2.jar:/home/anu/.m2/repository/org/glassfish/jaxb/txw2/2.3.1/txw2-2.3.1.jar:/home/anu/.m2/repository/com/sun/istack/istack-commons-runtime/3.0.8/istack-commons-runtime-3.0.8.jar:/home/anu/.m2/repository/org/jvnet/staxex/stax-ex/1.8.1/stax-ex-1.8.1.jar:/home/anu/.m2/repository/com/sun/xml/fastinfoset/FastInfoset/1.2.16/FastInfoset-1.2.16.jar:/home/anu/.m2/repository/org/eclipse/persistence/org.eclipse.persistence.moxy/2.7.3/org.eclipse.persistence.moxy-2.7.3.jar:/home/anu/.m2/repository/org/eclipse/persistence/org.eclipse.persistence.core/2.7.3/org.eclipse.persistence.core-2.7.3.jar:/home/anu/.m2/repository/org/eclipse/persistence/org.eclipse.persistence.asm/2.7.3/org.eclipse.persistence.asm-2.7.3.jar:/home/anu/.m2/repository/javax/validation/validation-api/2.0.1.Final/validation-api-2.0.1.Final.jar:/home/anu/.m2/repository/javax/json/javax.json-api/1.1.4/javax.json-api-1.1.4.jar:/home/anu/.m2/repository/javax/xml/bind/jaxb-api/2.3.0/jaxb-api-2.3.0.jar:/home/anu/.m2/repository/com/sun/xml/bind/jaxb-impl/2.3.0/jaxb-impl-2.3.0.jar:/home/anu/.m2/repository/javax/activation/activation/1.1.1/activation-1.1.1.jar:/home/anu/.m2/repository/org/eclipse/persistence/eclipselink/2.7.0/eclipselink-2.7.0.jar:/home/anu/.m2/repository/org/eclipse/persistence/javax.persistence/2.2.0/javax.persistence-2.2.0.jar:/home/anu/.m2/repository/org/eclipse/persistence/commonj.sdo/2.1.1/commonj.sdo-2.1.1.jar:/home/anu/.m2/repository/org/glassfish/javax.json/1.0.4/javax.json-1.0.4.jar:/home/anu/.m2/repository/com/sun/xml/bind/jaxb-core/2.3.0.1/jaxb-core-2.3.0.1.jar:/home/anu/.m2/repository/org/hibernate/hibernate-c3p0/5.3.6.Final/hibernate-c3p0-5.3.6.Final.jar:/home/anu/.m2/repository/org/jboss/logging/jboss-logging/3.3.3.Final/jboss-logging-3.3.3.Final.jar:/home/anu/.m2/repository/com/mchange/c3p0/0.9.5.2/c3p0-0.9.5.2.jar:/home/anu/.m2/repository/com/mchange/mchange-commons-java/0.2.11/mchange-commons-java-0.2.11.jar:"/>
    <property name="sun.cpu.endian" value="little"/>
    <property name="user.home" value="/home/anu"/>
    <property name="user.language" value="en"/>
    <property name="java.specification.vendor" value="Oracle Corporation"/>
    <property name="java.version.date" value="2020-04-14"/>
    <property name="java.home" value="/usr/lib/jvm/java-11-openjdk-amd64"/>
    <property name="file.separator" value="/"/>
    <property name="basedir" value="/home/anu/Book-Characters"/>
    <property name="java.vm.compressedOopsMode" value="Zero based"/>
    <property name="line.separator" value="&#10;"/>
    <property name="java.specification.name" value="Java Platform API Specification"/>
    <property name="java.vm.specification.vendor" value="Oracle Corporation"/>
    <property name="java.awt.graphicsenv" value="sun.awt.X11GraphicsEnvironment"/>
    <property name="idea.version2020.1.1" value="true"/>
    <property name="surefire.real.class.path" value="/home/anu/Book-Characters/target/surefire/surefirebooter13773889989882631063.jar"/>
    <property name="sun.management.compiler" value="HotSpot 64-Bit Tiered Compilers"/>
    <property name="java.runtime.version" value="11.0.7+10-post-Ubuntu-2ubuntu218.04"/>
    <property name="user.name" value="anu"/>
    <property name="path.separator" value=":"/>
    <property name="os.version" value="5.3.0-51-generic"/>
    <property name="java.runtime.name" value="OpenJDK Runtime Environment"/>
    <property name="file.encoding" value="UTF-8"/>
    <property name="java.vm.name" value="OpenJDK 64-Bit Server VM"/>
    <property name="localRepository" value="/home/anu/.m2/repository"/>
    <property name="java.vendor.url.bug" value="https://bugs.launchpad.net/ubuntu/+source/openjdk-lts"/>
    <property name="java.io.tmpdir" value="/tmp"/>
    <property name="java.version" value="11.0.7"/>
    <property name="user.dir" value="/home/anu/Book-Characters"/>
    <property name="os.arch" value="amd64"/>
    <property name="java.vm.specification.name" value="Java Virtual Machine Specification"/>
    <property name="java.awt.printerjob" value="sun.print.PSPrinterJob"/>
    <property name="sun.os.patch.level" value="unknown"/>
    <property name="java.library.path" value="/usr/java/packages/lib:/usr/lib/x86_64-linux-gnu/jni:/lib/x86_64-linux-gnu:/usr/lib/x86_64-linux-gnu:/usr/lib/jni:/lib:/usr/lib"/>
    <property name="java.vendor" value="Ubuntu"/>
    <property name="java.vm.info" value="mixed mode, sharing"/>
    <property name="java.vm.version" value="11.0.7+10-post-Ubuntu-2ubuntu218.04"/>
    <property name="sun.io.unicode.encoding" value="UnicodeLittle"/>
    <property name="java.class.version" value="55.0"/>
  </properties>
  <testcase name="contextLoads" classname="com.example.books.BooksApplicationTests" time="0.064"/>
</testsuite>